#
# There is insufficient memory for the Java Runtime Environment to continue.
# Native memory allocation (mmap) failed to map 134217728 bytes for Failed to commit area from 0x0000000081400000 to 0x0000000089400000 of length 134217728.
# Possible reasons:
#   The system is out of physical RAM or swap space
#   The process is running with CompressedOops enabled, and the Java Heap may be blocking the growth of the native heap
# Possible solutions:
#   Reduce memory load on the system
#   Increase physical memory or swap space
#   Check if swap backing store is full
#   Decrease Java heap size (-Xmx/-Xms)
#   Decrease number of Java threads
#   Decrease Java thread stack sizes (-Xss)
#   Set larger code cache with -XX:ReservedCodeCacheSize=
# This output file may be truncated or incomplete.
#
#  Out of Memory Error (t:/workspace/open/src/hotspot/os/windows/os_windows.cpp:3264), pid=10152, tid=24532
#
# JRE version:  (12.0.2+10) (build )
# Java VM: Java HotSpot(TM) 64-Bit Server VM (12.0.2+10, mixed mode, aot, sharing, tiered, compressed oops, g1 gc, windows-amd64)
# No core dump will be written. Minidumps are not enabled by default on client versions of Windows
#

---------------  S U M M A R Y ------------

Command Line: -Dfile.encoding=Cp1252 --module-path=C:\Users\rurou\eclipse-workspace\ComGraph\bin -Djdk.module.main=ComGraph ComGraph/com.sti.projectFlames.project

Host: Intel(R) Core(TM) i7-2600K CPU @ 3.40GHz, 8 cores, 7G,  Windows 10 , 64 bit Build 17763 (10.0.17763.475)
Time: Mon Sep 16 23:36:21 2019 China Standard Time elapsed time: 0 seconds (0d 0h 0m 0s)

---------------  T H R E A D  ---------------

Current thread (0x00000286fe909800):  JavaThread "Unknown thread" [_thread_in_vm, id=24532, stack(0x000000a3b5000000,0x000000a3b5100000)]

Stack: [0x000000a3b5000000,0x000000a3b5100000]
Native frames: (J=compiled Java code, j=interpreted, Vv=VM code, C=native code)
V  [jvm.dll+0x63aa2a]
V  [jvm.dll+0x78ce1e]
V  [jvm.dll+0x78e4c1]
V  [jvm.dll+0x78eb13]
V  [jvm.dll+0x2627e8]
V  [jvm.dll+0x637f5a]
V  [jvm.dll+0x62c845]
V  [jvm.dll+0x31e49c]
V  [jvm.dll+0x31e2cf]
V  [jvm.dll+0x324006]
V  [jvm.dll+0x371f56]
V  [jvm.dll+0x371720]
V  [jvm.dll+0x2f845a]
V  [jvm.dll+0x2f96d2]
V  [jvm.dll+0x767267]
V  [jvm.dll+0x7689f5]
V  [jvm.dll+0x380059]
V  [jvm.dll+0x74b794]
V  [jvm.dll+0x3ef5cd]
V  [jvm.dll+0x3f1471]
C  [jli.dll+0x51cf]
C  [ucrtbase.dll+0x21ffa]
C  [KERNEL32.DLL+0x17974]
C  [ntdll.dll+0x6a271]


---------------  P R O C E S S  ---------------

Threads class SMR info:
_java_thread_list=0x00007ff846e27928, length=0, elements={
}

Java Threads: ( => current thread )

Other Threads:
  0x00000286fe949800 GCTaskThread "GC Thread#0" [stack: 0x000000a3b5100000,0x000000a3b5200000] [id=23124]
  0x00000286fe959000 ConcurrentGCThread "G1 Main Marker" [stack: 0x000000a3b5200000,0x000000a3b5300000] [id=13564]
  0x00000286fe95b000 ConcurrentGCThread "G1 Conc#0" [stack: 0x000000a3b5300000,0x000000a3b5400000] [id=4660]

[error occurred during error reporting (printing all threads), id 0xc0000005, EXCEPTION_ACCESS_VIOLATION (0xc0000005) at pc=0x00007ff8466585e7]

VM state:not at safepoint (not fully initialized)

VM Mutex/Monitor currently owned by a thread:  ([mutex/lock_event])
[0x00000286fe906550] Heap_lock - owner thread: 0x00000286fe909800

Heap address: 0x0000000081400000, size: 2028 MB, Compressed Oops mode: Non-zero based: 0x0000000081400000
Narrow klass base: 0x0000000000000000, Narrow klass shift: 0

GC Heap History (0 events):
No events

Deoptimization events (0 events):
No events

Classes redefined (0 events):
No events

Internal exceptions (0 events):
No events

Events (0 events):
No events


Dynamic libraries:
0x00007ff734880000 - 0x00007ff73488f000 	C:\Program Files\Java\jdk-12.0.2\bin\javaw.exe
0x00007ff899520000 - 0x00007ff89970d000 	C:\Windows\SYSTEM32\ntdll.dll
0x00007ff88e640000 - 0x00007ff88e652000 	C:\Program Files\AVAST Software\Avast\aswhook.dll
0x00007ff8968a0000 - 0x00007ff896953000 	C:\Windows\System32\KERNEL32.DLL
0x00007ff8960b0000 - 0x00007ff896343000 	C:\Windows\System32\KERNELBASE.dll
0x00007ff8955e0000 - 0x00007ff8956da000 	C:\Windows\System32\ucrtbase.dll
0x00007ff85e9d0000 - 0x00007ff85e9e8000 	C:\Program Files\Java\jdk-12.0.2\bin\jli.dll
0x00007ff896c10000 - 0x00007ff896cb3000 	C:\Windows\System32\ADVAPI32.dll
0x00007ff896a10000 - 0x00007ff896aae000 	C:\Windows\System32\msvcrt.dll
0x00007ff8979b0000 - 0x00007ff897a4e000 	C:\Windows\System32\sechost.dll
0x00007ff8974a0000 - 0x00007ff8975c2000 	C:\Windows\System32\RPCRT4.dll
0x00007ff896cc0000 - 0x00007ff896e57000 	C:\Windows\System32\USER32.dll
0x00007ff896720000 - 0x00007ff896740000 	C:\Windows\System32\win32u.dll
0x00007ff896be0000 - 0x00007ff896c09000 	C:\Windows\System32\GDI32.dll
0x00007ff895f10000 - 0x00007ff8960a9000 	C:\Windows\System32\gdi32full.dll
0x00007ff896630000 - 0x00007ff8966d0000 	C:\Windows\System32\msvcp_win.dll
0x00007ff859810000 - 0x00007ff859826000 	C:\Program Files\Java\jdk-12.0.2\bin\VCRUNTIME140.dll
0x00007ff886180000 - 0x00007ff8863f9000 	C:\Windows\WinSxS\amd64_microsoft.windows.common-controls_6595b64144ccf1df_6.0.17763.737_none_05b6437c071e554b\COMCTL32.dll
0x00007ff897680000 - 0x00007ff8979ac000 	C:\Windows\System32\combase.dll
0x00007ff896350000 - 0x00007ff8963ce000 	C:\Windows\System32\bcryptPrimitives.dll
0x00007ff890da0000 - 0x00007ff890daa000 	C:\Windows\SYSTEM32\VERSION.dll
0x00007ff8969e0000 - 0x00007ff896a0e000 	C:\Windows\System32\IMM32.DLL
0x00007ff8393c0000 - 0x00007ff83946a000 	C:\Program Files\Java\jdk-12.0.2\bin\msvcp140.dll
0x00007ff846350000 - 0x00007ff846ec7000 	C:\Program Files\Java\jdk-12.0.2\bin\server\jvm.dll
0x00007ff897e20000 - 0x00007ff897e28000 	C:\Windows\System32\PSAPI.DLL
0x00007ff88c560000 - 0x00007ff88c569000 	C:\Windows\SYSTEM32\WSOCK32.dll
0x00007ff896b70000 - 0x00007ff896bdd000 	C:\Windows\System32\WS2_32.dll
0x00007ff885410000 - 0x00007ff885434000 	C:\Windows\SYSTEM32\WINMM.dll
0x00007ff8853e0000 - 0x00007ff88540d000 	C:\Windows\SYSTEM32\WINMMBASE.dll
0x00007ff8966d0000 - 0x00007ff89671a000 	C:\Windows\System32\cfgmgr32.dll
0x00007ff8955c0000 - 0x00007ff8955d1000 	C:\Windows\System32\kernel.appcore.dll
0x00007ff876ce0000 - 0x00007ff876cf1000 	C:\Program Files\Java\jdk-12.0.2\bin\verify.dll
0x00007ff88fd30000 - 0x00007ff88ff1d000 	C:\Windows\SYSTEM32\DBGHELP.DLL
0x00007ff88f9d0000 - 0x00007ff88f9fa000 	C:\Windows\SYSTEM32\dbgcore.DLL
0x00007ff85e270000 - 0x00007ff85e296000 	C:\Program Files\Java\jdk-12.0.2\bin\java.dll
0x00007ff86e1c0000 - 0x00007ff86e1d7000 	C:\Program Files\Java\jdk-12.0.2\bin\zip.dll
0x00007ff880940000 - 0x00007ff88094a000 	C:\Program Files\Java\jdk-12.0.2\bin\jimage.dll

dbghelp: loaded successfully - version: 4.0.5 - missing functions: none
symbol engine: initialized successfully - sym options: 0x614 - pdb path: .;C:\Program Files\Java\jdk-12.0.2\bin;C:\Windows\SYSTEM32;C:\Program Files\AVAST Software\Avast;C:\Windows\WinSxS\amd64_microsoft.windows.common-controls_6595b64144ccf1df_6.0.17763.737_none_05b6437c071e554b;C:\Program Files\Java\jdk-12.0.2\bin\server

VM Arguments:
jvm_args: -Dfile.encoding=Cp1252 --module-path=C:\Users\rurou\eclipse-workspace\ComGraph\bin -Djdk.module.main=ComGraph 
java_command: ComGraph/com.sti.projectFlames.project
java_class_path (initial): <not set>
Launcher Type: SUN_STANDARD

[Global flags]
     intx CICompilerCount                          = 4                                         {product} {ergonomic}
     uint ConcGCThreads                            = 2                                         {product} {ergonomic}
     uint G1ConcRefinementThreads                  = 8                                         {product} {ergonomic}
   size_t G1HeapRegionSize                         = 1048576                                   {product} {ergonomic}
    uintx GCDrainStackTargetSize                   = 64                                        {product} {ergonomic}
   size_t InitialHeapSize                          = 134217728                                 {product} {ergonomic}
   size_t MarkStackSize                            = 4194304                                   {product} {ergonomic}
   size_t MaxHeapSize                              = 2126512128                                {product} {ergonomic}
   size_t MinHeapDeltaBytes                        = 1048576                                   {product} {ergonomic}
    uintx NonNMethodCodeHeapSize                   = 5836300                                {pd product} {ergonomic}
    uintx NonProfiledCodeHeapSize                  = 122910970                              {pd product} {ergonomic}
    uintx ProfiledCodeHeapSize                     = 122910970                              {pd product} {ergonomic}
    uintx ReservedCodeCacheSize                    = 251658240                              {pd product} {ergonomic}
     bool SegmentedCodeCache                       = true                                      {product} {ergonomic}
     bool UseCompressedClassPointers               = true                                 {lp64_product} {ergonomic}
     bool UseCompressedOops                        = true                                 {lp64_product} {ergonomic}
     bool UseG1GC                                  = true                                      {product} {ergonomic}
     bool UseLargePagesIndividualAllocation        = false                                  {pd product} {ergonomic}

Logging:
Log output configuration:
 #0: stdout all=warning uptime,level,tags
 #1: stderr all=off uptime,level,tags

Environment Variables:
PATH=C:/Program Files/Java/jdk-12.0.2/bin/server;C:/Program Files/Java/jdk-12.0.2/bin;C:\Windows\system32;C:\Windows;C:\Windows\System32\Wbem;C:\Windows\System32\WindowsPowerShell\v1.0\;C:\Windows\System32\OpenSSH\;C:\Program Files\Microsoft VS Code\bin;C:\Program Files (x86)\NVIDIA Corporation\PhysX\Common;C:\Program Files\NVIDIA Corporation\NVIDIA NvDLISR;C:\Users\rurou\AppData\Local\Microsoft\WindowsApps;C:\Users\rurou\AppData\Local\GitHubDesktop\bin;C:\Windows\System32;
USERNAME=rurou
OS=Windows_NT
PROCESSOR_IDENTIFIER=Intel64 Family 6 Model 42 Stepping 7, GenuineIntel



---------------  S Y S T E M  ---------------

OS: Windows 10 , 64 bit Build 17763 (10.0.17763.475)

CPU:total 8 (initial active 8) (4 cores per cpu, 2 threads per core) family 6 model 42 stepping 7, cmov, cx8, fxsr, mmx, sse, sse2, sse3, ssse3, sse4.1, sse4.2, popcnt, avx, aes, clmul, ht, tsc, tscinvbit

Memory: 4k page, system-wide physical 8109M (1659M free)
TotalPageFile size 22417M (AvailPageFile size 43M)
current process WorkingSet (physical memory assigned to process): 10M, peak: 10M
current process commit charge ("private bytes"): 60M, peak: 188M

vm_info: Java HotSpot(TM) 64-Bit Server VM (12.0.2+10) for windows-amd64 JRE (12.0.2+10), built on Jul 16 2019 01:56:17 by "mach5one" with MS VC++ 15.5 (VS2017)

END.
